<?xml version="1.0" encoding="UTF-8"?>
<!-- Generated by org.testng.reporters.JUnitXMLReporter -->
<testsuite ignored="0" hostname="Haripriya" failures="1" tests="2" name="Test" time="13.061" errors="0" timestamp="2020-06-14T16:40:03 IST">
  <testcase classname="Tests.LoginTest" name="CheckTitle" time="0.062">
    <failure type="java.lang.AssertionError" message="expected [Orange HRM] but found [OrangeHRM]">
      <![CDATA[java.lang.AssertionError: expected [Orange HRM] but found [OrangeHRM]
at Tests.LoginTest.CheckTitle(LoginTest.java:19)
at java.base/java.util.ArrayList.forEach(Unknown Source)
... Removed 32 stack frames]]>
    </failure>
  </testcase> <!-- CheckTitle -->
  <testcase classname="Tests.LoginTest" name="login1" time="12.273"/>
</testsuite> <!-- Test -->
